1 - The Shawshank Redemption - Frank Darabont
2 - The Godfather - Francis Ford Coppola
3 - The Dark Knight - Christopher Nolan
4 - The Godfather Part II - Francis Ford Coppola
5 - שנים עשר המושבעים - Sidney Lumet
6 - Schindler's List - Steven Spielberg
7 - The Lord of the Rings: The Return of the King - Peter Jackson
8 - Pulp Fiction - Quentin Tarantino
9 - The Lord of the Rings: The Fellowship of the Ring - Peter Jackson
10 - The Good, the Bad and the Ugly - Sergio Leone
11 - Forrest Gump - Robert Zemeckis
12 - Fight Club - David Fincher
13 - Inception - Christopher Nolan
14 - The Lord of the Rings: The Two Towers - Peter Jackson
15 - The Empire Strikes Back - Irvin Kershner
16 - The Matrix - Lana Wachowski, Lilly Wachowski
17 - Goodfellas - Martin Scorsese
18 - One Flew Over the Cuckoo's Nest - Milos Forman
19 - Se7en - David Fincher
20 - Shichinin no samurai - Akira Kurosawa
21 - It's a Wonderful Life - Frank Capra
22 - The Silence of the Lambs - Jonathan Demme
23 - Cidade de Deus - Fernando Meirelles, Kátia Lund
24 - Saving Private Ryan - Steven Spielberg
25 - החיים יפים - Roberto Benigni
26 - The Green Mile - Frank Darabont
27 - Interstellar - Christopher Nolan
28 - Star Wars - George Lucas
29 - Terminator 2: Judgment Day - James Cameron
30 - Back to the Future - Robert Zemeckis
31 - The Wonderful Journey - Hayao Miyazaki
32 - Psycho - Alfred Hitchcock
33 - The Pianist - Roman Polanski
34 - Léon - Luc Besson
35 - Gisaengchung - Bong Joon Ho
36 - The Lion King - Roger Allers, Rob Minkoff
37 - Gladiator - Ridley Scott
38 - American History X - Tony Kaye
39 - The Usual Suspects - Bryan Singer
40 - The Departed - Martin Scorsese
41 - The Prestige - Christopher Nolan
42 - Casablanca - Michael Curtiz
43 - Whiplash - Damien Chazelle
44 - Top Gun: Maverick - Joseph Kosinski
45 - Intouchables - Olivier Nakache, Éric Toledano
46 - Modern Times - Charles Chaplin
47 - Seppuku - Masaki Kobayashi
48 - Hotaru no haka - Isao Takahata
49 - C'era una volta il West - Sergio Leone
50 - Rear Window - Alfred Hitchcock
51 - Alien - Ridley Scott
52 - City Lights - Charles Chaplin
53 - Nuovo Cinema Paradiso - Giuseppe Tornatore
54 - Memento - Christopher Nolan
55 - Apocalypse Now - Francis Ford Coppola
56 - Raiders of the Lost Ark - Steven Spielberg
57 - Django Unchained - Quentin Tarantino
58 - WALL·E - Andrew Stanton
59 - Das Leben der Anderen - Florian Henckel von Donnersmarck
60 - Sunset Blvd. - Billy Wilder
61 - Paths of Glory - Stanley Kubrick
62 - The Shining - Stanley Kubrick
63 - The Great Dictator - Charles Chaplin
64 - Witness for the Prosecution - Billy Wilder
65 - Avengers: Infinity War - Joe Russo, Anthony Russo
66 - Alien 2 - James Cameron
67 - American Beauty - Sam Mendes
68 - Dr. Strangelove or: How I Learned to Stop Worrying and Love the Bomb - Stanley Kubrick
69 - Spider-Man: Into the Spider-Verse - Bob Persichetti, Peter Ramsey, Rodney Rothman
70 - The Dark Knight Rises - Christopher Nolan
71 - Oldeuboi - Park Chan-wook
72 - Joker - Todd Phillips
73 - Amadeus - Milos Forman
74 - Braveheart - Mel Gibson
75 - Toy Story - John Lasseter
76 - Coco - Adrian Molina, Lee Unkrich
77 - Das Boot - Wolfgang Petersen
78 - Inglourious Basterds - Quentin Tarantino
79 - Mononoke-hime - Hayao Miyazaki
80 - Avengers: Endgame - Joe Russo, Anthony Russo
81 - Once Upon a Time in America - Sergio Leone
82 - Good Will Hunting - Gus Van Sant
83 - Toy Story 3 - Lee Unkrich
84 - Requiem for a Dream - Darren Aronofsky
85 - Kimi no na wa. - Makoto Shinkai
86 - Singin' in the Rain - Gene Kelly, Stanley Donen
87 - 3 Idiots - Rajkumar Hirani
88 - Star Wars: Episode VI - Return of the Jedi - Richard Marquand
89 - 2001: A Space Odyssey - Stanley Kubrick
90 - Eternal Sunshine of the Spotless Mind - Michel Gondry
91 - Reservoir Dogs - Quentin Tarantino
92 - Tengoku to jigoku - Akira Kurosawa
93 - Capharnaüm - Nadine Labaki
94 - Citizen Kane - Orson Welles
95 - Lawrence of Arabia - David Lean
96 - Jagten - Thomas Vinterberg
97 - M - Eine Stadt sucht einen Mörder - Fritz Lang
98 - North by Northwest - Alfred Hitchcock
99 - Vertigo - Alfred Hitchcock
100 - Le fabuleux destin d'Amélie Poulain - Jean-Pierre Jeunet
101 - A Clockwork Orange - Stanley Kubrick
102 - Idi i smotri - Elem Klimov
103 - Full Metal Jacket - Stanley Kubrick
104 - Double Indemnity - Billy Wilder
105 - The Apartment - Billy Wilder
106 - Scarface - Brian De Palma
107 - Ikiru - Akira Kurosawa
108 - The Sting - George Roy Hill
109 - To Kill a Mockingbird - Robert Mulligan
110 - Taxi Driver - Martin Scorsese
111 - L.A. Confidential - Curtis Hanson
112 - Up - Pete Docter, Bob Peterson
113 - היט - Michael Mann
114 - Metropolis - Fritz Lang
115 - המילטון - Thomas Kail
116 - Jodaeiye Nader az Simin - Asghar Farhadi
117 - Snatch - Guy Ritchie
118 - מת לחיות - John McTiernan
119 - Incendies - Denis Villeneuve
120 - Indiana Jones and the Last Crusade - Steven Spielberg
121 - Ladri di biciclette - Vittorio De Sica
122 - 1917 - Sam Mendes
123 - Taare Zameen Par - Aamir Khan, Amole Gupte
124 - Spider-Man: No Way Home - Jon Watts
125 - Der Untergang - Oliver Hirschbiegel
126 - Per qualche dollaro in più - Sergio Leone
127 - Batman Begins - Christopher Nolan
128 - Dangal - Nitesh Tiwari
129 - The Kid - Charles Chaplin
130 - Some Like It Hot - Billy Wilder
131 - The Father - Florian Zeller
132 - All About Eve - Joseph L. Mankiewicz
133 - Green Book - Peter Farrelly
134 - The Wolf of Wall Street - Martin Scorsese
135 - Judgment at Nuremberg - Stanley Kramer
136 - Unforgiven - Clint Eastwood
137 - Ran - Akira Kurosawa
138 - Casino - Martin Scorsese
139 - El laberinto del fauno - Guillermo del Toro
140 - There Will Be Blood - Paul Thomas Anderson
141 - The Sixth Sense - M. Night Shyamalan
142 - Everything Everywhere All at Once - Dan Kwan, Daniel Scheinert
143 - A Beautiful Mind - Ron Howard
144 - Monty Python and the Holy Grail - Terry Jones, Terry Gilliam
145 - The Truman Show - Peter Weir
146 - Yôjinbô - Akira Kurosawa
147 - The Treasure of the Sierra Madre - John Huston
148 - Shutter Island - Martin Scorsese
149 - Rashômon - Akira Kurosawa
150 - Jurassic Park - Steven Spielberg
151 - The Great Escape - John Sturges
152 - Kill Bill: Vol. 1 - Quentin Tarantino
153 - No Country for Old Men - Joel Coen, Ethan Coen
154 - Finding Nemo - Lee Unkrich, Andrew Stanton
155 - The Elephant Man - David Lynch
156 - Chinatown - Roman Polanski
157 - Raging Bull - Martin Scorsese
158 - Gone with the Wind - George Cukor, Victor Fleming, Sam Wood
159 - V for Vendetta - James McTeigue
160 - The Thing - John Carpenter
161 - Inside Out - Pete Docter, Ronnie Del Carmen
162 - Lock, Stock and Two Smoking Barrels - Guy Ritchie
163 - Dial M for Murder - Alfred Hitchcock
164 - El secreto de sus ojos - Juan José Campanella
165 - Hauru no ugoku shiro - Hayao Miyazaki
166 - The Bridge on the River Kwai - David Lean
167 - Three Billboards Outside Ebbing, Missouri - Martin McDonagh
168 - Trainspotting - Danny Boyle
169 - Warrior - Gavin O'Connor
170 - Gran Torino - Clint Eastwood
171 - Fargo - Joel Coen, Ethan Coen
172 - Prisoners - Denis Villeneuve
173 - Tonari no Totoro - Hayao Miyazaki
174 - Million Dollar Baby - Clint Eastwood
175 - The Gold Rush - Charles Chaplin
176 - Blade Runner - Ridley Scott
177 - Catch Me If You Can - Steven Spielberg
178 - On the Waterfront - Elia Kazan
179 - The Third Man - Carol Reed
180 - Bacheha-Ye aseman - Majid Majidi
181 - Ben-Hur - William Wyler
182 - 12 Years a Slave - Steve McQueen
183 - The General - Clyde Bruckman, Buster Keaton
184 - Smultronstället - Ingmar Bergman
185 - Gone Girl - David Fincher
186 - Before Sunrise - Richard Linklater
187 - Harry Potter and the Deathly Hallows: Part 2 - David Yates
188 - The Deer Hunter - Michael Cimino
189 - In the Name of the Father - Jim Sheridan
190 - The Grand Budapest Hotel - Wes Anderson
191 - Mr. Smith Goes to Washington - Frank Capra
192 - Le salaire de la peur - Henri-Georges Clouzot
193 - Barry Lyndon - Stanley Kubrick
194 - Sherlock Jr. - Buster Keaton
195 - Salinui chueok - Bong Joon Ho
196 - Klaus - Carlos Martínez López, Sergio Pablos
197 - Hacksaw Ridge - Mel Gibson
198 - Room - Lenny Abrahamson
199 - Det sjunde inseglet - Ingmar Bergman
200 - Relatos salvajes - Damián Szifron
201 - ביג לבובסקי - Joel Coen, Ethan Coen
202 - Mad Max: Fury Road - George Miller
203 - How to Train Your Dragon - Chris Sanders, Dean DeBlois
204 - Mary and Max. - Adam Elliot
205 - Monsters, Inc. - Pete Docter, David Silverman, Lee Unkrich
206 - Jaws - Steven Spielberg
207 - La passion de Jeanne d'Arc - Carl Theodor Dreyer
208 - Hotel Rwanda - Terry George
209 - Dead Poets Society - Peter Weir
210 - Tôkyô monogatari - Yasujirô Ozu
211 - Pather Panchali - Satyajit Ray
212 - רוקי - John G. Avildsen
213 - Platoon - Oliver Stone
214 - Ford v Ferrari - James Mangold
215 - Stand by Me - Rob Reiner
216 - שליחות קטלנית - James Cameron
217 - Spotlight - Tom McCarthy
218 - Rush - Ron Howard
219 - Network - Sidney Lumet
220 - עד קצה העולם - Sean Penn
221 - Logan - James Mangold
222 - The Wizard of Oz - George Cukor, Mervyn LeRoy, Victor Fleming
223 - Ratatouille - Brad Bird, Jan Pinkava
224 - Groundhog Day - Harold Ramis
225 - Before Sunset - Richard Linklater
226 - The Exorcist - William Friedkin
227 - The Best Years of Our Lives - William Wyler
228 - The Incredibles - Brad Bird
229 - To Be or Not to Be - Ernst Lubitsch
230 - La battaglia di Algeri - Gillo Pontecorvo
231 - Rebecca - Alfred Hitchcock
232 - The Grapes of Wrath - John Ford
233 - Hachi: A Dog's Tale - Lasse Hallström
234 - Cool Hand Luke - Stuart Rosenberg
235 - Amores perros - Alejandro G. Iñárritu
236 - Pirates of the Caribbean: The Curse of the Black Pearl - Gore Verbinski
237 - La haine - Mathieu Kassovitz
238 - Les quatre cents coups - François Truffaut
239 - Persona - Ingmar Bergman
240 - Babam ve Oglum - Cagan Irmak
241 - Life of Brian - Terry Jones
242 - It Happened One Night - Frank Capra
243 - The Sound of Music - Robert Wise
244 - Dersu Uzala - Akira Kurosawa
245 - Ah-ga-ssi - Park Chan-wook
246 - Aladdin - Ron Clements, John Musker
247 - Gandhi - Richard Attenborough
248 - Jai Bhim - T.J. Gnanavel
249 - The Help - Tate Taylor
250 - Beauty and the Beast - Kirk Wise, Gary Trousdale


PART 1 - REQUESTS
Time taken to get the data with requests module: 474.138822264 seconds.

PART 2 - GREQUESTS
Time taken to get the data with grequests module: 129.699939045 seconds.
